META|timestamp|2026-02-17T11:52:40Z
META|scope|core-qa-replay-fail
SCENARIO|arch-invalid-id-failure|BEGIN
[kitsune-dm] skipping native host registration: invalid extension ID in /tmp/tmphvr6edan/install-root/installer/extension_id_source.txt
INFO|platform|arch
INFO|install_root|/tmp/tmphvr6edan/install-root
CHECK|install_root|PASS|exists:/tmp/tmphvr6edan/install-root
CHECK|app_binary|PASS|executable:/bin/true
CHECK|shim_binary|PASS|executable:/tmp/tmphvr6edan/install-root/installer/bin/kitsune-shim
CHECK|manifest_generator|PASS|executable:/tmp/tmphvr6edan/install-root/installer/bin/native-host-manifest
CHECK|extension_id_source|FAIL|invalid chromium id in:/tmp/tmphvr6edan/install-root/installer/extension_id_source.txt
CHECK|manifest_generation|FAIL|generator execution failed:/tmp/tmphvr6edan/install-root/installer/bin/native-host-manifest
CHECK|native_host_manifest:/tmp/tmphvr6edan/etc/chromium/native-messaging-hosts/com.kitsune.dm.json|FAIL|missing file:/tmp/tmphvr6edan/etc/chromium/native-messaging-hosts/com.kitsune.dm.json
CHECK|native_host_manifest:/tmp/tmphvr6edan/etc/opt/chrome/native-messaging-hosts/com.kitsune.dm.json|FAIL|missing file:/tmp/tmphvr6edan/etc/opt/chrome/native-messaging-hosts/com.kitsune.dm.json
CHECK|native_host_manifest:/tmp/tmphvr6edan/etc/opt/edge/native-messaging-hosts/com.kitsune.dm.json|FAIL|missing file:/tmp/tmphvr6edan/etc/opt/edge/native-messaging-hosts/com.kitsune.dm.json
RESULT|FAIL|checks=9 failures=5
Error: extension ID must be exactly 32 chars in [a-p]
app_path=/bin/true
app_status=ok
shim_path=/tmp/tmphvr6edan/install-root/installer/bin/kitsune-shim
shim_status=ok
manifest_generator=/tmp/tmphvr6edan/install-root/installer/bin/native-host-manifest
manifest_generator_status=ok
extension_id_file=/tmp/tmphvr6edan/install-root/installer/extension_id_source.txt
extension_id_status=invalid
overall=error
error=invalid_extension_id
Error: extension ID must be exactly 32 chars in [a-p]
Error: update_extension_id.sh no longer accepts extension ID arguments.
Migration: run ./install_native_host.sh (uses extension/extension_id_source.txt).
CHECK|verify_installer_arch_exit|1
CHECK|native_host_status_exit|3
CHECK|manifest_generator_invalid_exit|1
CHECK|update_extension_id_exit|2
SCENARIO|arch-invalid-id-failure|PASS(expected-failures-observed)
OUTCOME|FAIL|negative-paths|status=confirmed
